21:52:24.551 [main] INFO  testCases.TC001_AccountRegistrationTest.RegistrationTest(TC001_AccountRegistrationTest.java:15)oggger - *** Starting TC001_AccountRegistrationTest ******
21:52:24.707 [main] INFO  testCases.TC001_AccountRegistrationTest.RegistrationTest(TC001_AccountRegistrationTest.java:20)oggger - *** Clicked On MyAccount Link ******
21:52:25.445 [main] INFO  testCases.TC001_AccountRegistrationTest.RegistrationTest(TC001_AccountRegistrationTest.java:24)oggger - *** Clicked on Register Link ******
21:52:25.450 [main] INFO  testCases.TC001_AccountRegistrationTest.RegistrationTest(TC001_AccountRegistrationTest.java:30)oggger - *** Providing Customer details ******
21:52:27.391 [main] INFO  testCases.TC001_AccountRegistrationTest.RegistrationTest(TC001_AccountRegistrationTest.java:44)oggger - *** Validating expected message ******
21:52:27.395 [main] INFO  testCases.TC001_AccountRegistrationTest.RegistrationTest(TC001_AccountRegistrationTest.java:56)oggger - *** Finished TC001_AccountRegistrationTest ******
22:02:44.673 [main] INFO  testCases.TC001_AccountRegistrationTest.RegistrationTest(TC001_AccountRegistrationTest.java:15)oggger - *** Starting TC001_AccountRegistrationTest ******
22:02:44.811 [main] INFO  testCases.TC001_AccountRegistrationTest.RegistrationTest(TC001_AccountRegistrationTest.java:20)oggger - *** Clicked On MyAccount Link ******
22:02:45.656 [main] INFO  testCases.TC001_AccountRegistrationTest.RegistrationTest(TC001_AccountRegistrationTest.java:24)oggger - *** Clicked on Register Link ******
22:02:45.659 [main] INFO  testCases.TC001_AccountRegistrationTest.RegistrationTest(TC001_AccountRegistrationTest.java:30)oggger - *** Providing Customer details ******
22:02:47.959 [main] INFO  testCases.TC001_AccountRegistrationTest.RegistrationTest(TC001_AccountRegistrationTest.java:44)oggger - *** Validating expected message ******
22:02:47.963 [main] INFO  testCases.TC001_AccountRegistrationTest.RegistrationTest(TC001_AccountRegistrationTest.java:56)oggger - *** Finished TC001_AccountRegistrationTest ******
22:09:10.584 [main] INFO  testCases.TC001_AccountRegistrationTest.RegistrationTest(TC001_AccountRegistrationTest.java:15)oggger - *** Starting TC001_AccountRegistrationTest ******
22:09:10.753 [main] INFO  testCases.TC001_AccountRegistrationTest.RegistrationTest(TC001_AccountRegistrationTest.java:20)oggger - *** Clicked On MyAccount Link ******
22:09:12.573 [main] INFO  testCases.TC001_AccountRegistrationTest.RegistrationTest(TC001_AccountRegistrationTest.java:24)oggger - *** Clicked on Register Link ******
22:09:12.576 [main] INFO  testCases.TC001_AccountRegistrationTest.RegistrationTest(TC001_AccountRegistrationTest.java:30)oggger - *** Providing Customer details ******
22:09:15.103 [main] INFO  testCases.TC001_AccountRegistrationTest.RegistrationTest(TC001_AccountRegistrationTest.java:44)oggger - *** Validating expected message ******
22:23:40.847 [main] INFO  testCases.TC001_AccountRegistrationTest.RegistrationTest(TC001_AccountRegistrationTest.java:15)oggger - *** Starting TC001_AccountRegistrationTest ******
22:23:41.006 [main] INFO  testCases.TC001_AccountRegistrationTest.RegistrationTest(TC001_AccountRegistrationTest.java:20)oggger - *** Clicked On MyAccount Link ******
22:23:41.823 [main] INFO  testCases.TC001_AccountRegistrationTest.RegistrationTest(TC001_AccountRegistrationTest.java:24)oggger - *** Clicked on Register Link ******
22:23:41.826 [main] INFO  testCases.TC001_AccountRegistrationTest.RegistrationTest(TC001_AccountRegistrationTest.java:30)oggger - *** Providing Customer details ******
22:23:43.920 [main] INFO  testCases.TC001_AccountRegistrationTest.RegistrationTest(TC001_AccountRegistrationTest.java:44)oggger - *** Validating expected message ******
22:23:43.920 [main] ERROR testCases.TC001_AccountRegistrationTest.RegistrationTest(TC001_AccountRegistrationTest.java:51)oggger - Test Failed
22:43:11.496 [main] INFO  testCases.TC001_AccountRegistrationTest.RegistrationTest(TC001_AccountRegistrationTest.java:15)oggger - *** Starting TC001_AccountRegistrationTest ******
22:43:11.642 [main] INFO  testCases.TC001_AccountRegistrationTest.RegistrationTest(TC001_AccountRegistrationTest.java:20)oggger - *** Clicked On MyAccount Link ******
22:43:13.488 [main] INFO  testCases.TC001_AccountRegistrationTest.RegistrationTest(TC001_AccountRegistrationTest.java:24)oggger - *** Clicked on Register Link ******
22:43:13.490 [main] INFO  testCases.TC001_AccountRegistrationTest.RegistrationTest(TC001_AccountRegistrationTest.java:30)oggger - *** Providing Customer details ******
22:43:15.602 [main] INFO  testCases.TC001_AccountRegistrationTest.RegistrationTest(TC001_AccountRegistrationTest.java:44)oggger - *** Validating expected message ******
22:43:15.607 [main] INFO  testCases.TC001_AccountRegistrationTest.RegistrationTest(TC001_AccountRegistrationTest.java:68)oggger - *** Finished TC001_AccountRegistrationTest ******
22:43:38.933 [main] INFO  testCases.TC001_AccountRegistrationTest.RegistrationTest(TC001_AccountRegistrationTest.java:15)oggger - *** Starting TC001_AccountRegistrationTest ******
22:43:39.057 [main] INFO  testCases.TC001_AccountRegistrationTest.RegistrationTest(TC001_AccountRegistrationTest.java:20)oggger - *** Clicked On MyAccount Link ******
22:43:39.915 [main] INFO  testCases.TC001_AccountRegistrationTest.RegistrationTest(TC001_AccountRegistrationTest.java:24)oggger - *** Clicked on Register Link ******
22:43:39.917 [main] INFO  testCases.TC001_AccountRegistrationTest.RegistrationTest(TC001_AccountRegistrationTest.java:30)oggger - *** Providing Customer details ******
22:43:41.867 [main] INFO  testCases.TC001_AccountRegistrationTest.RegistrationTest(TC001_AccountRegistrationTest.java:44)oggger - *** Validating expected message ******
22:43:41.871 [main] INFO  testCases.TC001_AccountRegistrationTest.RegistrationTest(TC001_AccountRegistrationTest.java:68)oggger - *** Finished TC001_AccountRegistrationTest ******
22:44:27.171 [main] INFO  testCases.TC001_AccountRegistrationTest.RegistrationTest(TC001_AccountRegistrationTest.java:15)oggger - *** Starting TC001_AccountRegistrationTest ******
22:44:27.460 [main] INFO  testCases.TC001_AccountRegistrationTest.RegistrationTest(TC001_AccountRegistrationTest.java:20)oggger - *** Clicked On MyAccount Link ******
22:44:28.215 [main] INFO  testCases.TC001_AccountRegistrationTest.RegistrationTest(TC001_AccountRegistrationTest.java:24)oggger - *** Clicked on Register Link ******
22:44:28.217 [main] INFO  testCases.TC001_AccountRegistrationTest.RegistrationTest(TC001_AccountRegistrationTest.java:30)oggger - *** Providing Customer details ******
22:44:30.288 [main] INFO  testCases.TC001_AccountRegistrationTest.RegistrationTest(TC001_AccountRegistrationTest.java:44)oggger - *** Validating expected message ******
22:44:30.291 [main] INFO  testCases.TC001_AccountRegistrationTest.RegistrationTest(TC001_AccountRegistrationTest.java:68)oggger - *** Finished TC001_AccountRegistrationTest ******
22:48:14.688 [TestNG-tests-1] INFO  testCases.TC001_AccountRegistrationTest.RegistrationTest(TC001_AccountRegistrationTest.java:15)oggger - *** Starting TC001_AccountRegistrationTest ******
22:48:14.988 [TestNG-tests-1] INFO  testCases.TC001_AccountRegistrationTest.RegistrationTest(TC001_AccountRegistrationTest.java:20)oggger - *** Clicked On MyAccount Link ******
22:48:16.397 [TestNG-tests-1] INFO  testCases.TC001_AccountRegistrationTest.RegistrationTest(TC001_AccountRegistrationTest.java:24)oggger - *** Clicked on Register Link ******
22:48:16.401 [TestNG-tests-1] INFO  testCases.TC001_AccountRegistrationTest.RegistrationTest(TC001_AccountRegistrationTest.java:30)oggger - *** Providing Customer details ******
22:48:17.843 [TestNG-tests-2] INFO  testCases.TC001_AccountRegistrationTest.RegistrationTest(TC001_AccountRegistrationTest.java:15)oggger - *** Starting TC001_AccountRegistrationTest ******
22:48:18.024 [TestNG-tests-2] INFO  testCases.TC001_AccountRegistrationTest.RegistrationTest(TC001_AccountRegistrationTest.java:20)oggger - *** Clicked On MyAccount Link ******
22:48:18.589 [TestNG-tests-1] INFO  testCases.TC001_AccountRegistrationTest.RegistrationTest(TC001_AccountRegistrationTest.java:44)oggger - *** Validating expected message ******
22:48:18.592 [TestNG-tests-1] INFO  testCases.TC001_AccountRegistrationTest.RegistrationTest(TC001_AccountRegistrationTest.java:68)oggger - *** Finished TC001_AccountRegistrationTest ******
22:48:19.423 [TestNG-tests-3] INFO  testCases.TC001_AccountRegistrationTest.RegistrationTest(TC001_AccountRegistrationTest.java:15)oggger - *** Starting TC001_AccountRegistrationTest ******
22:48:19.709 [TestNG-tests-3] INFO  testCases.TC001_AccountRegistrationTest.RegistrationTest(TC001_AccountRegistrationTest.java:20)oggger - *** Clicked On MyAccount Link ******
22:48:19.893 [TestNG-tests-2] INFO  testCases.TC001_AccountRegistrationTest.RegistrationTest(TC001_AccountRegistrationTest.java:24)oggger - *** Clicked on Register Link ******
22:48:19.894 [TestNG-tests-2] INFO  testCases.TC001_AccountRegistrationTest.RegistrationTest(TC001_AccountRegistrationTest.java:30)oggger - *** Providing Customer details ******
22:48:20.524 [TestNG-tests-3] INFO  testCases.TC001_AccountRegistrationTest.RegistrationTest(TC001_AccountRegistrationTest.java:24)oggger - *** Clicked on Register Link ******
22:48:20.525 [TestNG-tests-3] INFO  testCases.TC001_AccountRegistrationTest.RegistrationTest(TC001_AccountRegistrationTest.java:30)oggger - *** Providing Customer details ******
22:48:22.307 [TestNG-tests-2] INFO  testCases.TC001_AccountRegistrationTest.RegistrationTest(TC001_AccountRegistrationTest.java:44)oggger - *** Validating expected message ******
22:48:22.307 [TestNG-tests-2] INFO  testCases.TC001_AccountRegistrationTest.RegistrationTest(TC001_AccountRegistrationTest.java:68)oggger - *** Finished TC001_AccountRegistrationTest ******
22:48:22.557 [TestNG-tests-3] INFO  testCases.TC001_AccountRegistrationTest.RegistrationTest(TC001_AccountRegistrationTest.java:44)oggger - *** Validating expected message ******
22:48:22.557 [TestNG-tests-3] INFO  testCases.TC001_AccountRegistrationTest.RegistrationTest(TC001_AccountRegistrationTest.java:68)oggger - *** Finished TC001_AccountRegistrationTest ******
23:06:13.482 [main] INFO  testCases.TC001_AccountRegistrationTest.RegistrationTest(TC001_AccountRegistrationTest.java:15)oggger - *** Starting TC001_AccountRegistrationTest ******
23:06:13.650 [main] INFO  testCases.TC001_AccountRegistrationTest.RegistrationTest(TC001_AccountRegistrationTest.java:20)oggger - *** Clicked On MyAccount Link ******
23:06:14.451 [main] INFO  testCases.TC001_AccountRegistrationTest.RegistrationTest(TC001_AccountRegistrationTest.java:24)oggger - *** Clicked on Register Link ******
23:06:14.454 [main] INFO  testCases.TC001_AccountRegistrationTest.RegistrationTest(TC001_AccountRegistrationTest.java:30)oggger - *** Providing Customer details ******
23:06:16.535 [main] INFO  testCases.TC001_AccountRegistrationTest.RegistrationTest(TC001_AccountRegistrationTest.java:44)oggger - *** Validating expected message ******
23:06:16.539 [main] INFO  testCases.TC001_AccountRegistrationTest.RegistrationTest(TC001_AccountRegistrationTest.java:68)oggger - *** Finished TC001_AccountRegistrationTest ******
10:29:33.728 [main] INFO  testCases.TC002_AccountLoginTest.TestLogin(TC002_AccountLoginTest.java:17)oggger - **** Starting TC002_AccountLoginTest**********
10:29:34.434 [main] INFO  testCases.TC002_AccountLoginTest.TestLogin(TC002_AccountLoginTest.java:22)oggger - **** Clicked on Login Button On Homepage**********
10:29:34.645 [main] INFO  testCases.TC002_AccountLoginTest.TestLogin(TC002_AccountLoginTest.java:30)oggger - **** Entered Email and Password from config.properties file*****
10:29:35.787 [main] INFO  testCases.TC002_AccountLoginTest.TestLogin(TC002_AccountLoginTest.java:33)oggger - **** Clicked login button*****
10:35:00.045 [main] INFO  testCases.TC002_AccountLoginTest.TestLogin(TC002_AccountLoginTest.java:17)oggger - **** Starting TC002_AccountLoginTest**********
10:35:00.765 [main] INFO  testCases.TC002_AccountLoginTest.TestLogin(TC002_AccountLoginTest.java:22)oggger - **** Clicked on Login Button On Homepage**********
10:35:00.950 [main] INFO  testCases.TC002_AccountLoginTest.TestLogin(TC002_AccountLoginTest.java:30)oggger - **** Entered Email and Password from config.properties file*****
10:35:03.421 [main] INFO  testCases.TC002_AccountLoginTest.TestLogin(TC002_AccountLoginTest.java:33)oggger - **** Clicked login button*****
10:37:19.708 [main] INFO  testCases.TC002_AccountLoginTest.TestLogin(TC002_AccountLoginTest.java:17)oggger - **** Starting TC002_AccountLoginTest**********
10:37:20.559 [main] INFO  testCases.TC002_AccountLoginTest.TestLogin(TC002_AccountLoginTest.java:22)oggger - **** Clicked on Login Button On Homepage**********
10:37:20.736 [main] INFO  testCases.TC002_AccountLoginTest.TestLogin(TC002_AccountLoginTest.java:30)oggger - **** Entered Email and Password from config.properties file*****
10:37:21.879 [main] INFO  testCases.TC002_AccountLoginTest.TestLogin(TC002_AccountLoginTest.java:33)oggger - **** Clicked login button*****
14:30:29.294 [main] INFO  testCases.TC001_AccountRegistrationTest.RegistrationTest(TC001_AccountRegistrationTest.java:15)oggger - *** Starting TC001_AccountRegistrationTest ******
14:30:29.445 [main] INFO  testCases.TC001_AccountRegistrationTest.RegistrationTest(TC001_AccountRegistrationTest.java:20)oggger - *** Clicked On MyAccount Link ******
14:30:30.160 [main] INFO  testCases.TC001_AccountRegistrationTest.RegistrationTest(TC001_AccountRegistrationTest.java:24)oggger - *** Clicked on Register Link ******
14:30:30.193 [main] INFO  testCases.TC001_AccountRegistrationTest.RegistrationTest(TC001_AccountRegistrationTest.java:30)oggger - *** Providing Customer details ******
14:30:32.526 [main] INFO  testCases.TC001_AccountRegistrationTest.RegistrationTest(TC001_AccountRegistrationTest.java:44)oggger - *** Validating expected message ******
14:30:32.528 [main] INFO  testCases.TC001_AccountRegistrationTest.RegistrationTest(TC001_AccountRegistrationTest.java:68)oggger - *** Finished TC001_AccountRegistrationTest ******
14:30:36.323 [main] INFO  testCases.TC002_AccountLoginTest.TestLogin(TC002_AccountLoginTest.java:17)oggger - **** Starting TC002_AccountLoginTest**********
14:30:36.974 [main] INFO  testCases.TC002_AccountLoginTest.TestLogin(TC002_AccountLoginTest.java:22)oggger - **** Clicked on Login Button On Homepage**********
14:30:37.237 [main] INFO  testCases.TC002_AccountLoginTest.TestLogin(TC002_AccountLoginTest.java:30)oggger - **** Entered Email and Password from config.properties file*****
14:30:38.232 [main] INFO  testCases.TC002_AccountLoginTest.TestLogin(TC002_AccountLoginTest.java:33)oggger - **** Clicked login button*****
14:31:53.616 [main] INFO  testCases.TC001_AccountRegistrationTest.RegistrationTest(TC001_AccountRegistrationTest.java:15)oggger - *** Starting TC001_AccountRegistrationTest ******
14:31:53.722 [main] INFO  testCases.TC001_AccountRegistrationTest.RegistrationTest(TC001_AccountRegistrationTest.java:20)oggger - *** Clicked On MyAccount Link ******
14:31:54.521 [main] INFO  testCases.TC001_AccountRegistrationTest.RegistrationTest(TC001_AccountRegistrationTest.java:24)oggger - *** Clicked on Register Link ******
14:31:54.522 [main] INFO  testCases.TC001_AccountRegistrationTest.RegistrationTest(TC001_AccountRegistrationTest.java:30)oggger - *** Providing Customer details ******
14:31:56.824 [main] INFO  testCases.TC001_AccountRegistrationTest.RegistrationTest(TC001_AccountRegistrationTest.java:44)oggger - *** Validating expected message ******
14:31:56.827 [main] INFO  testCases.TC001_AccountRegistrationTest.RegistrationTest(TC001_AccountRegistrationTest.java:68)oggger - *** Finished TC001_AccountRegistrationTest ******
14:32:00.515 [main] INFO  testCases.TC002_AccountLoginTest.TestLogin(TC002_AccountLoginTest.java:17)oggger - **** Starting TC002_AccountLoginTest**********
14:32:01.205 [main] INFO  testCases.TC002_AccountLoginTest.TestLogin(TC002_AccountLoginTest.java:22)oggger - **** Clicked on Login Button On Homepage**********
14:32:01.424 [main] INFO  testCases.TC002_AccountLoginTest.TestLogin(TC002_AccountLoginTest.java:30)oggger - **** Entered Email and Password from config.properties file*****
14:32:02.495 [main] INFO  testCases.TC002_AccountLoginTest.TestLogin(TC002_AccountLoginTest.java:33)oggger - **** Clicked login button*****
16:24:51.077 [main] INFO  testCases.TC001_AccountRegistrationTest.RegistrationTest(TC001_AccountRegistrationTest.java:15)oggger - *** Starting TC001_AccountRegistrationTest ******
16:24:51.187 [main] INFO  testCases.TC001_AccountRegistrationTest.RegistrationTest(TC001_AccountRegistrationTest.java:20)oggger - *** Clicked On MyAccount Link ******
16:24:51.872 [main] INFO  testCases.TC001_AccountRegistrationTest.RegistrationTest(TC001_AccountRegistrationTest.java:24)oggger - *** Clicked on Register Link ******
16:24:51.884 [main] INFO  testCases.TC001_AccountRegistrationTest.RegistrationTest(TC001_AccountRegistrationTest.java:30)oggger - *** Providing Customer details ******
16:24:53.422 [main] INFO  testCases.TC001_AccountRegistrationTest.RegistrationTest(TC001_AccountRegistrationTest.java:44)oggger - *** Validating expected message ******
16:24:53.424 [main] INFO  testCases.TC001_AccountRegistrationTest.RegistrationTest(TC001_AccountRegistrationTest.java:68)oggger - *** Finished TC001_AccountRegistrationTest ******
16:24:56.550 [main] INFO  testCases.TC002_AccountLoginTest.TestLogin(TC002_AccountLoginTest.java:17)oggger - **** Starting TC002_AccountLoginTest**********
16:24:57.169 [main] INFO  testCases.TC002_AccountLoginTest.TestLogin(TC002_AccountLoginTest.java:22)oggger - **** Clicked on Login Button On Homepage**********
16:24:57.328 [main] INFO  testCases.TC002_AccountLoginTest.TestLogin(TC002_AccountLoginTest.java:30)oggger - **** Entered Email and Password from config.properties file*****
16:24:58.319 [main] INFO  testCases.TC002_AccountLoginTest.TestLogin(TC002_AccountLoginTest.java:33)oggger - **** Clicked login button*****
17:19:14.058 [main] INFO  testCases.TC003_LoginDDT.loginDataDTesting(TC003_LoginDDT.java:19)oggger - ***TC003_LoginDDT Started****
17:19:17.044 [main] INFO  testCases.TC003_LoginDDT.loginDataDTesting(TC003_LoginDDT.java:19)oggger - ***TC003_LoginDDT Started****
17:19:28.363 [main] INFO  testCases.TC003_LoginDDT.loginDataDTesting(TC003_LoginDDT.java:19)oggger - ***TC003_LoginDDT Started****
17:19:31.196 [main] INFO  testCases.TC003_LoginDDT.loginDataDTesting(TC003_LoginDDT.java:19)oggger - ***TC003_LoginDDT Started****
17:19:42.695 [main] INFO  testCases.TC003_LoginDDT.loginDataDTesting(TC003_LoginDDT.java:19)oggger - ***TC003_LoginDDT Started****
17:19:54.433 [main] INFO  testCases.TC003_LoginDDT.loginDataDTesting(TC003_LoginDDT.java:19)oggger - ***TC003_LoginDDT Started****
17:19:57.585 [main] INFO  testCases.TC003_LoginDDT.loginDataDTesting(TC003_LoginDDT.java:19)oggger - ***TC003_LoginDDT Started****
17:25:17.712 [main] INFO  testCases.TC001_AccountRegistrationTest.RegistrationTest(TC001_AccountRegistrationTest.java:15)oggger - *** Starting TC001_AccountRegistrationTest ******
17:25:17.788 [main] INFO  testCases.TC001_AccountRegistrationTest.RegistrationTest(TC001_AccountRegistrationTest.java:20)oggger - *** Clicked On MyAccount Link ******
17:25:18.487 [main] INFO  testCases.TC001_AccountRegistrationTest.RegistrationTest(TC001_AccountRegistrationTest.java:24)oggger - *** Clicked on Register Link ******
17:25:18.489 [main] INFO  testCases.TC001_AccountRegistrationTest.RegistrationTest(TC001_AccountRegistrationTest.java:30)oggger - *** Providing Customer details ******
17:25:20.258 [main] INFO  testCases.TC001_AccountRegistrationTest.RegistrationTest(TC001_AccountRegistrationTest.java:44)oggger - *** Validating expected message ******
17:25:20.260 [main] INFO  testCases.TC001_AccountRegistrationTest.RegistrationTest(TC001_AccountRegistrationTest.java:68)oggger - *** Finished TC001_AccountRegistrationTest ******
17:25:23.479 [main] INFO  testCases.TC002_AccountLoginTest.TestLogin(TC002_AccountLoginTest.java:17)oggger - **** Starting TC002_AccountLoginTest**********
17:25:24.079 [main] INFO  testCases.TC002_AccountLoginTest.TestLogin(TC002_AccountLoginTest.java:22)oggger - **** Clicked on Login Button On Homepage**********
17:25:24.200 [main] INFO  testCases.TC002_AccountLoginTest.TestLogin(TC002_AccountLoginTest.java:30)oggger - **** Entered Email and Password from config.properties file*****
17:25:25.174 [main] INFO  testCases.TC002_AccountLoginTest.TestLogin(TC002_AccountLoginTest.java:33)oggger - **** Clicked login button*****
17:26:37.996 [main] INFO  testCases.TC002_AccountLoginTest.TestLogin(TC002_AccountLoginTest.java:17)oggger - **** Starting TC002_AccountLoginTest**********
17:26:38.612 [main] INFO  testCases.TC002_AccountLoginTest.TestLogin(TC002_AccountLoginTest.java:22)oggger - **** Clicked on Login Button On Homepage**********
17:26:38.748 [main] INFO  testCases.TC002_AccountLoginTest.TestLogin(TC002_AccountLoginTest.java:30)oggger - **** Entered Email and Password from config.properties file*****
17:26:39.720 [main] INFO  testCases.TC002_AccountLoginTest.TestLogin(TC002_AccountLoginTest.java:33)oggger - **** Clicked login button*****
17:27:10.932 [main] INFO  testCases.TC001_AccountRegistrationTest.RegistrationTest(TC001_AccountRegistrationTest.java:15)oggger - *** Starting TC001_AccountRegistrationTest ******
17:27:11.006 [main] INFO  testCases.TC001_AccountRegistrationTest.RegistrationTest(TC001_AccountRegistrationTest.java:20)oggger - *** Clicked On MyAccount Link ******
17:27:11.733 [main] INFO  testCases.TC001_AccountRegistrationTest.RegistrationTest(TC001_AccountRegistrationTest.java:24)oggger - *** Clicked on Register Link ******
17:27:11.734 [main] INFO  testCases.TC001_AccountRegistrationTest.RegistrationTest(TC001_AccountRegistrationTest.java:30)oggger - *** Providing Customer details ******
17:27:13.249 [main] INFO  testCases.TC001_AccountRegistrationTest.RegistrationTest(TC001_AccountRegistrationTest.java:44)oggger - *** Validating expected message ******
17:27:13.250 [main] INFO  testCases.TC001_AccountRegistrationTest.RegistrationTest(TC001_AccountRegistrationTest.java:68)oggger - *** Finished TC001_AccountRegistrationTest ******
17:27:16.435 [main] INFO  testCases.TC002_AccountLoginTest.TestLogin(TC002_AccountLoginTest.java:17)oggger - **** Starting TC002_AccountLoginTest**********
17:27:17.047 [main] INFO  testCases.TC002_AccountLoginTest.TestLogin(TC002_AccountLoginTest.java:22)oggger - **** Clicked on Login Button On Homepage**********
17:27:17.163 [main] INFO  testCases.TC002_AccountLoginTest.TestLogin(TC002_AccountLoginTest.java:30)oggger - **** Entered Email and Password from config.properties file*****
17:27:18.197 [main] INFO  testCases.TC002_AccountLoginTest.TestLogin(TC002_AccountLoginTest.java:33)oggger - **** Clicked login button*****
17:28:08.796 [main] INFO  testCases.TC001_AccountRegistrationTest.RegistrationTest(TC001_AccountRegistrationTest.java:15)oggger - *** Starting TC001_AccountRegistrationTest ******
17:28:08.878 [main] INFO  testCases.TC001_AccountRegistrationTest.RegistrationTest(TC001_AccountRegistrationTest.java:20)oggger - *** Clicked On MyAccount Link ******
17:28:09.573 [main] INFO  testCases.TC001_AccountRegistrationTest.RegistrationTest(TC001_AccountRegistrationTest.java:24)oggger - *** Clicked on Register Link ******
17:28:09.574 [main] INFO  testCases.TC001_AccountRegistrationTest.RegistrationTest(TC001_AccountRegistrationTest.java:30)oggger - *** Providing Customer details ******
17:28:11.055 [main] INFO  testCases.TC001_AccountRegistrationTest.RegistrationTest(TC001_AccountRegistrationTest.java:44)oggger - *** Validating expected message ******
17:28:11.056 [main] INFO  testCases.TC001_AccountRegistrationTest.RegistrationTest(TC001_AccountRegistrationTest.java:68)oggger - *** Finished TC001_AccountRegistrationTest ******
17:28:14.246 [main] INFO  testCases.TC002_AccountLoginTest.TestLogin(TC002_AccountLoginTest.java:17)oggger - **** Starting TC002_AccountLoginTest**********
17:28:14.840 [main] INFO  testCases.TC002_AccountLoginTest.TestLogin(TC002_AccountLoginTest.java:22)oggger - **** Clicked on Login Button On Homepage**********
17:28:14.959 [main] INFO  testCases.TC002_AccountLoginTest.TestLogin(TC002_AccountLoginTest.java:30)oggger - **** Entered Email and Password from config.properties file*****
17:28:15.937 [main] INFO  testCases.TC002_AccountLoginTest.TestLogin(TC002_AccountLoginTest.java:33)oggger - **** Clicked login button*****
17:35:05.482 [main] INFO  testCases.TC003_LoginDDT.loginDataDTesting(TC003_LoginDDT.java:19)oggger - ***TC003_LoginDDT Started****
17:35:31.465 [main] INFO  testCases.TC003_LoginDDT.loginDataDTesting(TC003_LoginDDT.java:19)oggger - ***TC003_LoginDDT Started****
17:35:42.701 [main] INFO  testCases.TC003_LoginDDT.loginDataDTesting(TC003_LoginDDT.java:19)oggger - ***TC003_LoginDDT Started****
13:32:31.915 [TestNG-tests-2] INFO  testCases.TC001_AccountRegistrationTest.RegistrationTest(TC001_AccountRegistrationTest.java:15)oggger - *** Starting TC001_AccountRegistrationTest ******
13:32:31.915 [TestNG-tests-1] INFO  testCases.TC001_AccountRegistrationTest.RegistrationTest(TC001_AccountRegistrationTest.java:15)oggger - *** Starting TC001_AccountRegistrationTest ******
13:32:32.087 [TestNG-tests-2] INFO  testCases.TC001_AccountRegistrationTest.RegistrationTest(TC001_AccountRegistrationTest.java:20)oggger - *** Clicked On MyAccount Link ******
13:32:32.162 [TestNG-tests-1] INFO  testCases.TC001_AccountRegistrationTest.RegistrationTest(TC001_AccountRegistrationTest.java:20)oggger - *** Clicked On MyAccount Link ******
13:34:38.340 [TestNG-tests-1] INFO  testCases.TC001_AccountRegistrationTest.RegistrationTest(TC001_AccountRegistrationTest.java:15)oggger - *** Starting TC001_AccountRegistrationTest ******
13:34:38.340 [TestNG-tests-2] INFO  testCases.TC001_AccountRegistrationTest.RegistrationTest(TC001_AccountRegistrationTest.java:15)oggger - *** Starting TC001_AccountRegistrationTest ******
13:34:38.523 [TestNG-tests-1] INFO  testCases.TC001_AccountRegistrationTest.RegistrationTest(TC001_AccountRegistrationTest.java:20)oggger - *** Clicked On MyAccount Link ******
13:34:38.621 [TestNG-tests-2] INFO  testCases.TC001_AccountRegistrationTest.RegistrationTest(TC001_AccountRegistrationTest.java:20)oggger - *** Clicked On MyAccount Link ******
13:36:20.897 [TestNG-tests-2] INFO  testCases.TC001_AccountRegistrationTest.RegistrationTest(TC001_AccountRegistrationTest.java:15)oggger - *** Starting TC001_AccountRegistrationTest ******
13:36:20.897 [TestNG-tests-1] INFO  testCases.TC001_AccountRegistrationTest.RegistrationTest(TC001_AccountRegistrationTest.java:15)oggger - *** Starting TC001_AccountRegistrationTest ******
13:36:21.293 [TestNG-tests-1] INFO  testCases.TC001_AccountRegistrationTest.RegistrationTest(TC001_AccountRegistrationTest.java:20)oggger - *** Clicked On MyAccount Link ******
13:36:21.350 [TestNG-tests-2] INFO  testCases.TC001_AccountRegistrationTest.RegistrationTest(TC001_AccountRegistrationTest.java:20)oggger - *** Clicked On MyAccount Link ******
13:36:25.994 [TestNG-tests-3] INFO  testCases.TC001_AccountRegistrationTest.RegistrationTest(TC001_AccountRegistrationTest.java:15)oggger - *** Starting TC001_AccountRegistrationTest ******
13:36:26.297 [TestNG-tests-3] INFO  testCases.TC001_AccountRegistrationTest.RegistrationTest(TC001_AccountRegistrationTest.java:20)oggger - *** Clicked On MyAccount Link ******
13:36:27.068 [TestNG-tests-3] INFO  testCases.TC001_AccountRegistrationTest.RegistrationTest(TC001_AccountRegistrationTest.java:24)oggger - *** Clicked on Register Link ******
13:36:27.108 [TestNG-tests-3] INFO  testCases.TC001_AccountRegistrationTest.RegistrationTest(TC001_AccountRegistrationTest.java:30)oggger - *** Providing Customer details ******
13:36:28.959 [TestNG-tests-3] INFO  testCases.TC001_AccountRegistrationTest.RegistrationTest(TC001_AccountRegistrationTest.java:44)oggger - *** Validating expected message ******
13:36:28.970 [TestNG-tests-3] INFO  testCases.TC001_AccountRegistrationTest.RegistrationTest(TC001_AccountRegistrationTest.java:68)oggger - *** Finished TC001_AccountRegistrationTest ******
13:42:10.653 [TestNG-tests-2] INFO  testCases.TC001_AccountRegistrationTest.RegistrationTest(TC001_AccountRegistrationTest.java:15)oggger - *** Starting TC001_AccountRegistrationTest ******
13:42:10.653 [TestNG-tests-1] INFO  testCases.TC001_AccountRegistrationTest.RegistrationTest(TC001_AccountRegistrationTest.java:15)oggger - *** Starting TC001_AccountRegistrationTest ******
13:42:13.418 [TestNG-tests-3] INFO  testCases.TC001_AccountRegistrationTest.RegistrationTest(TC001_AccountRegistrationTest.java:15)oggger - *** Starting TC001_AccountRegistrationTest ******
13:42:13.695 [TestNG-tests-1] INFO  testCases.TC001_AccountRegistrationTest.RegistrationTest(TC001_AccountRegistrationTest.java:20)oggger - *** Clicked On MyAccount Link ******
13:42:13.903 [TestNG-tests-2] INFO  testCases.TC001_AccountRegistrationTest.RegistrationTest(TC001_AccountRegistrationTest.java:20)oggger - *** Clicked On MyAccount Link ******
13:42:14.122 [TestNG-tests-3] INFO  testCases.TC001_AccountRegistrationTest.RegistrationTest(TC001_AccountRegistrationTest.java:20)oggger - *** Clicked On MyAccount Link ******
13:42:14.940 [TestNG-tests-1] INFO  testCases.TC001_AccountRegistrationTest.RegistrationTest(TC001_AccountRegistrationTest.java:24)oggger - *** Clicked on Register Link ******
13:42:14.942 [TestNG-tests-1] INFO  testCases.TC001_AccountRegistrationTest.RegistrationTest(TC001_AccountRegistrationTest.java:30)oggger - *** Providing Customer details ******
13:46:11.222 [TestNG-tests-1] INFO  testCases.TC001_AccountRegistrationTest.RegistrationTest(TC001_AccountRegistrationTest.java:15)oggger - *** Starting TC001_AccountRegistrationTest ******
13:46:13.321 [TestNG-tests-2] INFO  testCases.TC001_AccountRegistrationTest.RegistrationTest(TC001_AccountRegistrationTest.java:15)oggger - *** Starting TC001_AccountRegistrationTest ******
13:46:13.354 [TestNG-tests-3] INFO  testCases.TC001_AccountRegistrationTest.RegistrationTest(TC001_AccountRegistrationTest.java:15)oggger - *** Starting TC001_AccountRegistrationTest ******
13:46:13.633 [TestNG-tests-1] INFO  testCases.TC001_AccountRegistrationTest.RegistrationTest(TC001_AccountRegistrationTest.java:20)oggger - *** Clicked On MyAccount Link ******
13:46:13.867 [TestNG-tests-2] INFO  testCases.TC001_AccountRegistrationTest.RegistrationTest(TC001_AccountRegistrationTest.java:20)oggger - *** Clicked On MyAccount Link ******
13:46:14.087 [TestNG-tests-3] INFO  testCases.TC001_AccountRegistrationTest.RegistrationTest(TC001_AccountRegistrationTest.java:20)oggger - *** Clicked On MyAccount Link ******
13:46:14.858 [TestNG-tests-2] INFO  testCases.TC001_AccountRegistrationTest.RegistrationTest(TC001_AccountRegistrationTest.java:24)oggger - *** Clicked on Register Link ******
13:46:14.861 [TestNG-tests-2] INFO  testCases.TC001_AccountRegistrationTest.RegistrationTest(TC001_AccountRegistrationTest.java:30)oggger - *** Providing Customer details ******
13:47:15.869 [TestNG-tests-1] INFO  testCases.TC001_AccountRegistrationTest.RegistrationTest(TC001_AccountRegistrationTest.java:15)oggger - *** Starting TC001_AccountRegistrationTest ******
13:47:17.760 [TestNG-tests-2] INFO  testCases.TC001_AccountRegistrationTest.RegistrationTest(TC001_AccountRegistrationTest.java:15)oggger - *** Starting TC001_AccountRegistrationTest ******
13:47:17.791 [TestNG-tests-3] INFO  testCases.TC001_AccountRegistrationTest.RegistrationTest(TC001_AccountRegistrationTest.java:15)oggger - *** Starting TC001_AccountRegistrationTest ******
13:47:18.077 [TestNG-tests-1] INFO  testCases.TC001_AccountRegistrationTest.RegistrationTest(TC001_AccountRegistrationTest.java:20)oggger - *** Clicked On MyAccount Link ******
13:47:18.297 [TestNG-tests-2] INFO  testCases.TC001_AccountRegistrationTest.RegistrationTest(TC001_AccountRegistrationTest.java:20)oggger - *** Clicked On MyAccount Link ******
13:47:18.513 [TestNG-tests-3] INFO  testCases.TC001_AccountRegistrationTest.RegistrationTest(TC001_AccountRegistrationTest.java:20)oggger - *** Clicked On MyAccount Link ******
13:47:19.286 [TestNG-tests-1] INFO  testCases.TC001_AccountRegistrationTest.RegistrationTest(TC001_AccountRegistrationTest.java:24)oggger - *** Clicked on Register Link ******
13:47:19.289 [TestNG-tests-1] INFO  testCases.TC001_AccountRegistrationTest.RegistrationTest(TC001_AccountRegistrationTest.java:30)oggger - *** Providing Customer details ******
13:51:22.493 [TestNG-tests-1] INFO  testCases.TC001_AccountRegistrationTest.RegistrationTest(TC001_AccountRegistrationTest.java:15)oggger - *** Starting TC001_AccountRegistrationTest ******
13:51:24.655 [TestNG-tests-2] INFO  testCases.TC001_AccountRegistrationTest.RegistrationTest(TC001_AccountRegistrationTest.java:15)oggger - *** Starting TC001_AccountRegistrationTest ******
13:51:24.682 [TestNG-tests-3] INFO  testCases.TC001_AccountRegistrationTest.RegistrationTest(TC001_AccountRegistrationTest.java:15)oggger - *** Starting TC001_AccountRegistrationTest ******
13:51:24.946 [TestNG-tests-1] INFO  testCases.TC001_AccountRegistrationTest.RegistrationTest(TC001_AccountRegistrationTest.java:20)oggger - *** Clicked On MyAccount Link ******
13:51:25.167 [TestNG-tests-2] INFO  testCases.TC001_AccountRegistrationTest.RegistrationTest(TC001_AccountRegistrationTest.java:20)oggger - *** Clicked On MyAccount Link ******
13:51:25.374 [TestNG-tests-3] INFO  testCases.TC001_AccountRegistrationTest.RegistrationTest(TC001_AccountRegistrationTest.java:20)oggger - *** Clicked On MyAccount Link ******
13:51:26.122 [TestNG-tests-1] INFO  testCases.TC001_AccountRegistrationTest.RegistrationTest(TC001_AccountRegistrationTest.java:24)oggger - *** Clicked on Register Link ******
13:51:26.125 [TestNG-tests-1] INFO  testCases.TC001_AccountRegistrationTest.RegistrationTest(TC001_AccountRegistrationTest.java:30)oggger - *** Providing Customer details ******
13:54:10.789 [TestNG-tests-1] INFO  testCases.TC001_AccountRegistrationTest.RegistrationTest(TC001_AccountRegistrationTest.java:15)oggger - *** Starting TC001_AccountRegistrationTest ******
13:54:10.789 [TestNG-tests-2] INFO  testCases.TC001_AccountRegistrationTest.RegistrationTest(TC001_AccountRegistrationTest.java:15)oggger - *** Starting TC001_AccountRegistrationTest ******
13:54:11.010 [TestNG-tests-1] INFO  testCases.TC001_AccountRegistrationTest.RegistrationTest(TC001_AccountRegistrationTest.java:20)oggger - *** Clicked On MyAccount Link ******
13:54:11.076 [TestNG-tests-2] INFO  testCases.TC001_AccountRegistrationTest.RegistrationTest(TC001_AccountRegistrationTest.java:20)oggger - *** Clicked On MyAccount Link ******
13:54:21.157 [TestNG-tests-1] INFO  testCases.TC001_AccountRegistrationTest.RegistrationTest(TC001_AccountRegistrationTest.java:24)oggger - *** Clicked on Register Link ******
13:54:21.166 [TestNG-tests-1] INFO  testCases.TC001_AccountRegistrationTest.RegistrationTest(TC001_AccountRegistrationTest.java:30)oggger - *** Providing Customer details ******
13:56:18.065 [main] INFO  testCases.TC001_AccountRegistrationTest.RegistrationTest(TC001_AccountRegistrationTest.java:15)oggger - *** Starting TC001_AccountRegistrationTest ******
13:56:18.199 [main] INFO  testCases.TC001_AccountRegistrationTest.RegistrationTest(TC001_AccountRegistrationTest.java:20)oggger - *** Clicked On MyAccount Link ******
13:56:19.023 [main] INFO  testCases.TC001_AccountRegistrationTest.RegistrationTest(TC001_AccountRegistrationTest.java:24)oggger - *** Clicked on Register Link ******
13:56:19.027 [main] INFO  testCases.TC001_AccountRegistrationTest.RegistrationTest(TC001_AccountRegistrationTest.java:30)oggger - *** Providing Customer details ******
13:56:21.640 [main] INFO  testCases.TC001_AccountRegistrationTest.RegistrationTest(TC001_AccountRegistrationTest.java:44)oggger - *** Validating expected message ******
13:56:21.643 [main] INFO  testCases.TC001_AccountRegistrationTest.RegistrationTest(TC001_AccountRegistrationTest.java:68)oggger - *** Finished TC001_AccountRegistrationTest ******
13:57:00.165 [main] INFO  testCases.TC001_AccountRegistrationTest.RegistrationTest(TC001_AccountRegistrationTest.java:15)oggger - *** Starting TC001_AccountRegistrationTest ******
13:57:00.340 [main] INFO  testCases.TC001_AccountRegistrationTest.RegistrationTest(TC001_AccountRegistrationTest.java:20)oggger - *** Clicked On MyAccount Link ******
13:57:01.167 [main] INFO  testCases.TC001_AccountRegistrationTest.RegistrationTest(TC001_AccountRegistrationTest.java:24)oggger - *** Clicked on Register Link ******
13:57:01.169 [main] INFO  testCases.TC001_AccountRegistrationTest.RegistrationTest(TC001_AccountRegistrationTest.java:30)oggger - *** Providing Customer details ******
13:57:03.681 [main] INFO  testCases.TC001_AccountRegistrationTest.RegistrationTest(TC001_AccountRegistrationTest.java:44)oggger - *** Validating expected message ******
13:57:03.685 [main] INFO  testCases.TC001_AccountRegistrationTest.RegistrationTest(TC001_AccountRegistrationTest.java:68)oggger - *** Finished TC001_AccountRegistrationTest ******
13:57:35.717 [main] INFO  testCases.TC001_AccountRegistrationTest.RegistrationTest(TC001_AccountRegistrationTest.java:15)oggger - *** Starting TC001_AccountRegistrationTest ******
13:57:36.010 [main] INFO  testCases.TC001_AccountRegistrationTest.RegistrationTest(TC001_AccountRegistrationTest.java:20)oggger - *** Clicked On MyAccount Link ******
13:57:36.771 [main] INFO  testCases.TC001_AccountRegistrationTest.RegistrationTest(TC001_AccountRegistrationTest.java:24)oggger - *** Clicked on Register Link ******
13:57:36.774 [main] INFO  testCases.TC001_AccountRegistrationTest.RegistrationTest(TC001_AccountRegistrationTest.java:30)oggger - *** Providing Customer details ******
13:57:38.610 [main] INFO  testCases.TC001_AccountRegistrationTest.RegistrationTest(TC001_AccountRegistrationTest.java:44)oggger - *** Validating expected message ******
13:57:38.615 [main] INFO  testCases.TC001_AccountRegistrationTest.RegistrationTest(TC001_AccountRegistrationTest.java:68)oggger - *** Finished TC001_AccountRegistrationTest ******
14:06:26.811 [main] INFO  testCases.TC001_AccountRegistrationTest.RegistrationTest(TC001_AccountRegistrationTest.java:15)oggger - *** Starting TC001_AccountRegistrationTest ******
14:06:26.987 [main] INFO  testCases.TC001_AccountRegistrationTest.RegistrationTest(TC001_AccountRegistrationTest.java:20)oggger - *** Clicked On MyAccount Link ******
14:06:27.840 [main] INFO  testCases.TC001_AccountRegistrationTest.RegistrationTest(TC001_AccountRegistrationTest.java:24)oggger - *** Clicked on Register Link ******
14:06:27.842 [main] INFO  testCases.TC001_AccountRegistrationTest.RegistrationTest(TC001_AccountRegistrationTest.java:30)oggger - *** Providing Customer details ******
14:06:29.854 [main] INFO  testCases.TC001_AccountRegistrationTest.RegistrationTest(TC001_AccountRegistrationTest.java:44)oggger - *** Validating expected message ******
14:06:29.858 [main] INFO  testCases.TC001_AccountRegistrationTest.RegistrationTest(TC001_AccountRegistrationTest.java:68)oggger - *** Finished TC001_AccountRegistrationTest ******
14:06:33.747 [main] INFO  testCases.TC002_AccountLoginTest.TestLogin(TC002_AccountLoginTest.java:17)oggger - **** Starting TC002_AccountLoginTest**********
14:06:34.154 [main] INFO  testCases.TC002_AccountLoginTest.TestLogin(TC002_AccountLoginTest.java:22)oggger - **** Clicked on Login Button On Homepage**********
14:06:44.225 [main] ERROR testCases.TC002_AccountLoginTest.TestLogin(TC002_AccountLoginTest.java:42)oggger - Test Failed
14:06:49.553 [main] INFO  testCases.TC003_LoginDDT.loginDataDTesting(TC003_LoginDDT.java:19)oggger - ***TC003_LoginDDT Started****
14:06:53.142 [main] INFO  testCases.TC003_LoginDDT.loginDataDTesting(TC003_LoginDDT.java:19)oggger - ***TC003_LoginDDT Started****
14:07:05.023 [main] INFO  testCases.TC003_LoginDDT.loginDataDTesting(TC003_LoginDDT.java:19)oggger - ***TC003_LoginDDT Started****
14:07:08.399 [main] INFO  testCases.TC003_LoginDDT.loginDataDTesting(TC003_LoginDDT.java:19)oggger - ***TC003_LoginDDT Started****
14:07:20.122 [main] INFO  testCases.TC003_LoginDDT.loginDataDTesting(TC003_LoginDDT.java:19)oggger - ***TC003_LoginDDT Started****
14:07:32.199 [main] INFO  testCases.TC003_LoginDDT.loginDataDTesting(TC003_LoginDDT.java:19)oggger - ***TC003_LoginDDT Started****
14:07:35.627 [main] INFO  testCases.TC003_LoginDDT.loginDataDTesting(TC003_LoginDDT.java:19)oggger - ***TC003_LoginDDT Started****
17:05:36.984 [main] INFO  testCases.TC002_AccountLoginTest.TestLogin(TC002_AccountLoginTest.java:17)oggger - **** Starting TC002_AccountLoginTest**********
17:05:37.717 [main] INFO  testCases.TC002_AccountLoginTest.TestLogin(TC002_AccountLoginTest.java:22)oggger - **** Clicked on Login Button On Homepage**********
17:05:37.879 [main] INFO  testCases.TC002_AccountLoginTest.TestLogin(TC002_AccountLoginTest.java:30)oggger - **** Entered Email and Password from config.properties file*****
17:05:39.344 [main] INFO  testCases.TC002_AccountLoginTest.TestLogin(TC002_AccountLoginTest.java:33)oggger - **** Clicked login button*****
16:28:06.145 [main] INFO  testCases.TC003_LoginDDT.loginDataDTesting(TC003_LoginDDT.java:19)oggger - ***TC003_LoginDDT Started****
16:28:07.141 [main] INFO  testCases.TC003_LoginDDT.loginDataDTesting(TC003_LoginDDT.java:19)oggger - ***TC003_LoginDDT Started****
16:28:07.913 [main] INFO  testCases.TC003_LoginDDT.loginDataDTesting(TC003_LoginDDT.java:19)oggger - ***TC003_LoginDDT Started****
16:28:08.676 [main] INFO  testCases.TC003_LoginDDT.loginDataDTesting(TC003_LoginDDT.java:19)oggger - ***TC003_LoginDDT Started****
16:28:09.486 [main] INFO  testCases.TC003_LoginDDT.loginDataDTesting(TC003_LoginDDT.java:19)oggger - ***TC003_LoginDDT Started****
16:28:10.317 [main] INFO  testCases.TC003_LoginDDT.loginDataDTesting(TC003_LoginDDT.java:19)oggger - ***TC003_LoginDDT Started****
16:28:11.067 [main] INFO  testCases.TC003_LoginDDT.loginDataDTesting(TC003_LoginDDT.java:19)oggger - ***TC003_LoginDDT Started****
16:30:01.117 [main] INFO  testCases.TC003_LoginDDT.loginDataDTesting(TC003_LoginDDT.java:19)oggger - ***TC003_LoginDDT Started****
16:30:03.447 [main] INFO  testCases.TC003_LoginDDT.loginDataDTesting(TC003_LoginDDT.java:19)oggger - ***TC003_LoginDDT Started****
16:30:04.568 [main] INFO  testCases.TC003_LoginDDT.loginDataDTesting(TC003_LoginDDT.java:19)oggger - ***TC003_LoginDDT Started****
16:30:05.497 [main] INFO  testCases.TC003_LoginDDT.loginDataDTesting(TC003_LoginDDT.java:19)oggger - ***TC003_LoginDDT Started****
16:30:06.631 [main] INFO  testCases.TC003_LoginDDT.loginDataDTesting(TC003_LoginDDT.java:19)oggger - ***TC003_LoginDDT Started****
16:30:07.373 [main] INFO  testCases.TC003_LoginDDT.loginDataDTesting(TC003_LoginDDT.java:19)oggger - ***TC003_LoginDDT Started****
16:30:08.164 [main] INFO  testCases.TC003_LoginDDT.loginDataDTesting(TC003_LoginDDT.java:19)oggger - ***TC003_LoginDDT Started****
16:32:48.612 [main] INFO  testCases.TC003_LoginDDT.loginDataDTesting(TC003_LoginDDT.java:19)oggger - ***TC003_LoginDDT Started****
16:32:52.190 [main] INFO  testCases.TC003_LoginDDT.loginDataDTesting(TC003_LoginDDT.java:19)oggger - ***TC003_LoginDDT Started****
16:33:03.798 [main] INFO  testCases.TC003_LoginDDT.loginDataDTesting(TC003_LoginDDT.java:19)oggger - ***TC003_LoginDDT Started****
16:33:07.348 [main] INFO  testCases.TC003_LoginDDT.loginDataDTesting(TC003_LoginDDT.java:19)oggger - ***TC003_LoginDDT Started****
16:33:19.019 [main] INFO  testCases.TC003_LoginDDT.loginDataDTesting(TC003_LoginDDT.java:19)oggger - ***TC003_LoginDDT Started****
16:33:31.201 [main] INFO  testCases.TC003_LoginDDT.loginDataDTesting(TC003_LoginDDT.java:19)oggger - ***TC003_LoginDDT Started****
16:33:34.483 [main] INFO  testCases.TC003_LoginDDT.loginDataDTesting(TC003_LoginDDT.java:19)oggger - ***TC003_LoginDDT Started****
21:51:14.300 [main] INFO  testCases.TC003_LoginDDT.loginDataDTesting(TC003_LoginDDT.java:19)oggger - ***TC003_LoginDDT Started****
21:51:17.828 [main] INFO  testCases.TC003_LoginDDT.loginDataDTesting(TC003_LoginDDT.java:19)oggger - ***TC003_LoginDDT Started****
21:51:32.470 [main] INFO  testCases.TC003_LoginDDT.loginDataDTesting(TC003_LoginDDT.java:19)oggger - ***TC003_LoginDDT Started****
21:53:11.287 [main] INFO  testCases.TC003_LoginDDT.loginDataDTesting(TC003_LoginDDT.java:19)oggger - ***TC003_LoginDDT Started****
21:53:15.423 [main] INFO  testCases.TC003_LoginDDT.loginDataDTesting(TC003_LoginDDT.java:19)oggger - ***TC003_LoginDDT Started****
21:53:33.428 [main] INFO  testCases.TC003_LoginDDT.loginDataDTesting(TC003_LoginDDT.java:19)oggger - ***TC003_LoginDDT Started****
21:54:09.253 [main] INFO  testCases.TC003_LoginDDT.loginDataDTesting(TC003_LoginDDT.java:19)oggger - ***TC003_LoginDDT Started****
21:54:12.576 [main] INFO  testCases.TC003_LoginDDT.loginDataDTesting(TC003_LoginDDT.java:19)oggger - ***TC003_LoginDDT Started****
21:54:30.725 [main] INFO  testCases.TC003_LoginDDT.loginDataDTesting(TC003_LoginDDT.java:19)oggger - ***TC003_LoginDDT Started****
21:55:18.982 [main] INFO  testCases.TC003_LoginDDT.loginDataDTesting(TC003_LoginDDT.java:19)oggger - ***TC003_LoginDDT Started****
21:55:22.330 [main] INFO  testCases.TC003_LoginDDT.loginDataDTesting(TC003_LoginDDT.java:19)oggger - ***TC003_LoginDDT Started****
21:55:33.081 [main] INFO  testCases.TC003_LoginDDT.loginDataDTesting(TC003_LoginDDT.java:19)oggger - ***TC003_LoginDDT Started****
21:56:50.394 [main] INFO  testCases.TC003_LoginDDT.loginDataDTesting(TC003_LoginDDT.java:19)oggger - ***TC003_LoginDDT Started****
21:56:53.904 [main] INFO  testCases.TC003_LoginDDT.loginDataDTesting(TC003_LoginDDT.java:19)oggger - ***TC003_LoginDDT Started****
21:57:08.868 [main] INFO  testCases.TC003_LoginDDT.loginDataDTesting(TC003_LoginDDT.java:19)oggger - ***TC003_LoginDDT Started****
21:58:18.036 [main] INFO  testCases.TC003_LoginDDT.loginDataDTesting(TC003_LoginDDT.java:19)oggger - ***TC003_LoginDDT Started****
21:58:29.606 [main] INFO  testCases.TC003_LoginDDT.loginDataDTesting(TC003_LoginDDT.java:19)oggger - ***TC003_LoginDDT Started****
21:58:40.147 [main] INFO  testCases.TC003_LoginDDT.loginDataDTesting(TC003_LoginDDT.java:19)oggger - ***TC003_LoginDDT Started****
21:58:50.793 [main] INFO  testCases.TC003_LoginDDT.loginDataDTesting(TC003_LoginDDT.java:19)oggger - ***TC003_LoginDDT Started****
21:59:01.196 [main] INFO  testCases.TC003_LoginDDT.loginDataDTesting(TC003_LoginDDT.java:19)oggger - ***TC003_LoginDDT Started****
21:59:11.572 [main] INFO  testCases.TC003_LoginDDT.loginDataDTesting(TC003_LoginDDT.java:19)oggger - ***TC003_LoginDDT Started****
21:59:21.928 [main] INFO  testCases.TC003_LoginDDT.loginDataDTesting(TC003_LoginDDT.java:19)oggger - ***TC003_LoginDDT Started****
22:00:20.760 [main] INFO  testCases.TC003_LoginDDT.loginDataDTesting(TC003_LoginDDT.java:19)oggger - ***TC003_LoginDDT Started****
22:00:32.249 [main] INFO  testCases.TC003_LoginDDT.loginDataDTesting(TC003_LoginDDT.java:19)oggger - ***TC003_LoginDDT Started****
22:00:39.416 [main] INFO  testCases.TC003_LoginDDT.loginDataDTesting(TC003_LoginDDT.java:19)oggger - ***TC003_LoginDDT Started****
22:00:50.725 [main] INFO  testCases.TC003_LoginDDT.loginDataDTesting(TC003_LoginDDT.java:19)oggger - ***TC003_LoginDDT Started****
22:01:01.438 [main] INFO  testCases.TC003_LoginDDT.loginDataDTesting(TC003_LoginDDT.java:19)oggger - ***TC003_LoginDDT Started****
22:01:11.818 [main] INFO  testCases.TC003_LoginDDT.loginDataDTesting(TC003_LoginDDT.java:19)oggger - ***TC003_LoginDDT Started****
22:01:22.201 [main] INFO  testCases.TC003_LoginDDT.loginDataDTesting(TC003_LoginDDT.java:19)oggger - ***TC003_LoginDDT Started****
22:02:28.187 [main] INFO  testCases.TC001_AccountRegistrationTest.RegistrationTest(TC001_AccountRegistrationTest.java:15)oggger - *** Starting TC001_AccountRegistrationTest ******
22:02:28.496 [main] INFO  testCases.TC001_AccountRegistrationTest.RegistrationTest(TC001_AccountRegistrationTest.java:20)oggger - *** Clicked On MyAccount Link ******
22:02:29.270 [main] INFO  testCases.TC001_AccountRegistrationTest.RegistrationTest(TC001_AccountRegistrationTest.java:24)oggger - *** Clicked on Register Link ******
22:02:29.301 [main] INFO  testCases.TC001_AccountRegistrationTest.RegistrationTest(TC001_AccountRegistrationTest.java:30)oggger - *** Providing Customer details ******
22:02:31.503 [main] INFO  testCases.TC001_AccountRegistrationTest.RegistrationTest(TC001_AccountRegistrationTest.java:44)oggger - *** Validating expected message ******
22:02:31.505 [main] INFO  testCases.TC001_AccountRegistrationTest.RegistrationTest(TC001_AccountRegistrationTest.java:68)oggger - *** Finished TC001_AccountRegistrationTest ******
22:02:37.351 [main] INFO  testCases.TC002_AccountLoginTest.TestLogin(TC002_AccountLoginTest.java:17)oggger - **** Starting TC002_AccountLoginTest**********
22:02:37.792 [main] INFO  testCases.TC002_AccountLoginTest.TestLogin(TC002_AccountLoginTest.java:22)oggger - **** Clicked on Login Button On Homepage**********
22:02:38.239 [main] INFO  testCases.TC002_AccountLoginTest.TestLogin(TC002_AccountLoginTest.java:30)oggger - **** Entered Email and Password from config.properties file*****
22:02:38.280 [main] INFO  testCases.TC002_AccountLoginTest.TestLogin(TC002_AccountLoginTest.java:33)oggger - **** Clicked login button*****
22:02:54.585 [main] INFO  testCases.TC003_LoginDDT.loginDataDTesting(TC003_LoginDDT.java:19)oggger - ***TC003_LoginDDT Started****
22:03:05.725 [main] INFO  testCases.TC003_LoginDDT.loginDataDTesting(TC003_LoginDDT.java:19)oggger - ***TC003_LoginDDT Started****
22:03:16.104 [main] INFO  testCases.TC003_LoginDDT.loginDataDTesting(TC003_LoginDDT.java:19)oggger - ***TC003_LoginDDT Started****
22:03:26.472 [main] INFO  testCases.TC003_LoginDDT.loginDataDTesting(TC003_LoginDDT.java:19)oggger - ***TC003_LoginDDT Started****
22:03:36.837 [main] INFO  testCases.TC003_LoginDDT.loginDataDTesting(TC003_LoginDDT.java:19)oggger - ***TC003_LoginDDT Started****
22:03:47.197 [main] INFO  testCases.TC003_LoginDDT.loginDataDTesting(TC003_LoginDDT.java:19)oggger - ***TC003_LoginDDT Started****
22:03:57.577 [main] INFO  testCases.TC003_LoginDDT.loginDataDTesting(TC003_LoginDDT.java:19)oggger - ***TC003_LoginDDT Started****
22:09:13.019 [main] INFO  testCases.TC001_AccountRegistrationTest.RegistrationTest(TC001_AccountRegistrationTest.java:15)oggger - *** Starting TC001_AccountRegistrationTest ******
22:09:13.287 [main] INFO  testCases.TC001_AccountRegistrationTest.RegistrationTest(TC001_AccountRegistrationTest.java:20)oggger - *** Clicked On MyAccount Link ******
22:09:14.153 [main] INFO  testCases.TC001_AccountRegistrationTest.RegistrationTest(TC001_AccountRegistrationTest.java:24)oggger - *** Clicked on Register Link ******
22:09:14.157 [main] INFO  testCases.TC001_AccountRegistrationTest.RegistrationTest(TC001_AccountRegistrationTest.java:30)oggger - *** Providing Customer details ******
22:09:16.570 [main] INFO  testCases.TC001_AccountRegistrationTest.RegistrationTest(TC001_AccountRegistrationTest.java:44)oggger - *** Validating expected message ******
22:09:16.573 [main] INFO  testCases.TC001_AccountRegistrationTest.RegistrationTest(TC001_AccountRegistrationTest.java:68)oggger - *** Finished TC001_AccountRegistrationTest ******
22:09:20.028 [main] INFO  testCases.TC002_AccountLoginTest.TestLogin(TC002_AccountLoginTest.java:17)oggger - **** Starting TC002_AccountLoginTest**********
22:09:20.885 [main] INFO  testCases.TC002_AccountLoginTest.TestLogin(TC002_AccountLoginTest.java:22)oggger - **** Clicked on Login Button On Homepage**********
22:09:21.106 [main] INFO  testCases.TC002_AccountLoginTest.TestLogin(TC002_AccountLoginTest.java:30)oggger - **** Entered Email and Password from config.properties file*****
22:09:22.398 [main] INFO  testCases.TC002_AccountLoginTest.TestLogin(TC002_AccountLoginTest.java:33)oggger - **** Clicked login button*****
22:09:27.108 [main] INFO  testCases.TC003_LoginDDT.loginDataDTesting(TC003_LoginDDT.java:19)oggger - ***TC003_LoginDDT Started****
22:09:30.177 [main] INFO  testCases.TC003_LoginDDT.loginDataDTesting(TC003_LoginDDT.java:19)oggger - ***TC003_LoginDDT Started****
22:09:52.621 [main] INFO  testCases.TC003_LoginDDT.loginDataDTesting(TC003_LoginDDT.java:19)oggger - ***TC003_LoginDDT Started****
22:11:58.850 [main] INFO  testCases.TC001_AccountRegistrationTest.RegistrationTest(TC001_AccountRegistrationTest.java:15)oggger - *** Starting TC001_AccountRegistrationTest ******
22:11:58.969 [main] INFO  testCases.TC001_AccountRegistrationTest.RegistrationTest(TC001_AccountRegistrationTest.java:20)oggger - *** Clicked On MyAccount Link ******
22:11:59.728 [main] INFO  testCases.TC001_AccountRegistrationTest.RegistrationTest(TC001_AccountRegistrationTest.java:24)oggger - *** Clicked on Register Link ******
22:11:59.729 [main] INFO  testCases.TC001_AccountRegistrationTest.RegistrationTest(TC001_AccountRegistrationTest.java:30)oggger - *** Providing Customer details ******
22:12:01.727 [main] INFO  testCases.TC001_AccountRegistrationTest.RegistrationTest(TC001_AccountRegistrationTest.java:44)oggger - *** Validating expected message ******
22:12:01.732 [main] INFO  testCases.TC001_AccountRegistrationTest.RegistrationTest(TC001_AccountRegistrationTest.java:68)oggger - *** Finished TC001_AccountRegistrationTest ******
22:12:08.026 [main] INFO  testCases.TC002_AccountLoginTest.TestLogin(TC002_AccountLoginTest.java:17)oggger - **** Starting TC002_AccountLoginTest**********
22:12:08.629 [main] INFO  testCases.TC002_AccountLoginTest.TestLogin(TC002_AccountLoginTest.java:22)oggger - **** Clicked on Login Button On Homepage**********
22:12:08.753 [main] INFO  testCases.TC002_AccountLoginTest.TestLogin(TC002_AccountLoginTest.java:30)oggger - **** Entered Email and Password from config.properties file*****
22:12:10.071 [main] INFO  testCases.TC002_AccountLoginTest.TestLogin(TC002_AccountLoginTest.java:33)oggger - **** Clicked login button*****
22:12:13.981 [main] INFO  testCases.TC003_LoginDDT.loginDataDTesting(TC003_LoginDDT.java:19)oggger - ***TC003_LoginDDT Started****
22:12:16.818 [main] INFO  testCases.TC003_LoginDDT.loginDataDTesting(TC003_LoginDDT.java:19)oggger - ***TC003_LoginDDT Started****
22:12:28.062 [main] INFO  testCases.TC003_LoginDDT.loginDataDTesting(TC003_LoginDDT.java:19)oggger - ***TC003_LoginDDT Started****
22:12:31.116 [main] INFO  testCases.TC003_LoginDDT.loginDataDTesting(TC003_LoginDDT.java:19)oggger - ***TC003_LoginDDT Started****
22:12:42.509 [main] INFO  testCases.TC003_LoginDDT.loginDataDTesting(TC003_LoginDDT.java:19)oggger - ***TC003_LoginDDT Started****
22:12:54.324 [main] INFO  testCases.TC003_LoginDDT.loginDataDTesting(TC003_LoginDDT.java:19)oggger - ***TC003_LoginDDT Started****
22:12:57.170 [main] INFO  testCases.TC003_LoginDDT.loginDataDTesting(TC003_LoginDDT.java:19)oggger - ***TC003_LoginDDT Started****
22:14:28.652 [main] INFO  testCases.TC001_AccountRegistrationTest.RegistrationTest(TC001_AccountRegistrationTest.java:15)oggger - *** Starting TC001_AccountRegistrationTest ******
22:14:28.792 [main] INFO  testCases.TC001_AccountRegistrationTest.RegistrationTest(TC001_AccountRegistrationTest.java:20)oggger - *** Clicked On MyAccount Link ******
22:14:29.529 [main] INFO  testCases.TC001_AccountRegistrationTest.RegistrationTest(TC001_AccountRegistrationTest.java:24)oggger - *** Clicked on Register Link ******
22:14:29.530 [main] INFO  testCases.TC001_AccountRegistrationTest.RegistrationTest(TC001_AccountRegistrationTest.java:30)oggger - *** Providing Customer details ******
22:14:31.422 [main] INFO  testCases.TC001_AccountRegistrationTest.RegistrationTest(TC001_AccountRegistrationTest.java:44)oggger - *** Validating expected message ******
22:14:31.424 [main] INFO  testCases.TC001_AccountRegistrationTest.RegistrationTest(TC001_AccountRegistrationTest.java:68)oggger - *** Finished TC001_AccountRegistrationTest ******
22:14:34.681 [main] INFO  testCases.TC002_AccountLoginTest.TestLogin(TC002_AccountLoginTest.java:17)oggger - **** Starting TC002_AccountLoginTest**********
22:14:35.310 [main] INFO  testCases.TC002_AccountLoginTest.TestLogin(TC002_AccountLoginTest.java:22)oggger - **** Clicked on Login Button On Homepage**********
22:14:35.451 [main] INFO  testCases.TC002_AccountLoginTest.TestLogin(TC002_AccountLoginTest.java:30)oggger - **** Entered Email and Password from config.properties file*****
22:14:36.676 [main] INFO  testCases.TC002_AccountLoginTest.TestLogin(TC002_AccountLoginTest.java:33)oggger - **** Clicked login button*****
22:14:40.736 [main] INFO  testCases.TC003_LoginDDT.loginDataDTesting(TC003_LoginDDT.java:19)oggger - ***TC003_LoginDDT Started****
22:14:43.327 [main] INFO  testCases.TC003_LoginDDT.loginDataDTesting(TC003_LoginDDT.java:19)oggger - ***TC003_LoginDDT Started****
22:14:54.517 [main] INFO  testCases.TC003_LoginDDT.loginDataDTesting(TC003_LoginDDT.java:19)oggger - ***TC003_LoginDDT Started****
22:14:57.415 [main] INFO  testCases.TC003_LoginDDT.loginDataDTesting(TC003_LoginDDT.java:19)oggger - ***TC003_LoginDDT Started****
22:15:08.858 [main] INFO  testCases.TC003_LoginDDT.loginDataDTesting(TC003_LoginDDT.java:19)oggger - ***TC003_LoginDDT Started****
22:15:20.705 [main] INFO  testCases.TC003_LoginDDT.loginDataDTesting(TC003_LoginDDT.java:19)oggger - ***TC003_LoginDDT Started****
22:15:23.353 [main] INFO  testCases.TC003_LoginDDT.loginDataDTesting(TC003_LoginDDT.java:19)oggger - ***TC003_LoginDDT Started****
22:16:59.294 [main] INFO  testCases.TC001_AccountRegistrationTest.RegistrationTest(TC001_AccountRegistrationTest.java:15)oggger - *** Starting TC001_AccountRegistrationTest ******
22:16:59.641 [main] INFO  testCases.TC001_AccountRegistrationTest.RegistrationTest(TC001_AccountRegistrationTest.java:20)oggger - *** Clicked On MyAccount Link ******
22:17:00.610 [main] INFO  testCases.TC001_AccountRegistrationTest.RegistrationTest(TC001_AccountRegistrationTest.java:24)oggger - *** Clicked on Register Link ******
22:17:00.612 [main] INFO  testCases.TC001_AccountRegistrationTest.RegistrationTest(TC001_AccountRegistrationTest.java:30)oggger - *** Providing Customer details ******
22:17:03.724 [main] INFO  testCases.TC001_AccountRegistrationTest.RegistrationTest(TC001_AccountRegistrationTest.java:44)oggger - *** Validating expected message ******
22:17:03.726 [main] INFO  testCases.TC001_AccountRegistrationTest.RegistrationTest(TC001_AccountRegistrationTest.java:68)oggger - *** Finished TC001_AccountRegistrationTest ******
22:17:08.430 [main] INFO  testCases.TC002_AccountLoginTest.TestLogin(TC002_AccountLoginTest.java:17)oggger - **** Starting TC002_AccountLoginTest**********
22:17:09.136 [main] INFO  testCases.TC002_AccountLoginTest.TestLogin(TC002_AccountLoginTest.java:22)oggger - **** Clicked on Login Button On Homepage**********
22:17:09.413 [main] INFO  testCases.TC002_AccountLoginTest.TestLogin(TC002_AccountLoginTest.java:30)oggger - **** Entered Email and Password from config.properties file*****
22:17:10.847 [main] INFO  testCases.TC002_AccountLoginTest.TestLogin(TC002_AccountLoginTest.java:33)oggger - **** Clicked login button*****
22:17:15.028 [main] INFO  testCases.TC003_LoginDDT.loginDataDTesting(TC003_LoginDDT.java:19)oggger - ***TC003_LoginDDT Started****
22:17:18.415 [main] INFO  testCases.TC003_LoginDDT.loginDataDTesting(TC003_LoginDDT.java:19)oggger - ***TC003_LoginDDT Started****
22:17:32.743 [main] INFO  testCases.TC003_LoginDDT.loginDataDTesting(TC003_LoginDDT.java:19)oggger - ***TC003_LoginDDT Started****
22:43:05.619 [main] INFO  testCases.TC001_AccountRegistrationTest.RegistrationTest(TC001_AccountRegistrationTest.java:15)oggger - *** Starting TC001_AccountRegistrationTest ******
22:43:06.131 [main] INFO  testCases.TC001_AccountRegistrationTest.RegistrationTest(TC001_AccountRegistrationTest.java:20)oggger - *** Clicked On MyAccount Link ******
22:43:07.113 [main] INFO  testCases.TC001_AccountRegistrationTest.RegistrationTest(TC001_AccountRegistrationTest.java:24)oggger - *** Clicked on Register Link ******
22:43:07.115 [main] INFO  testCases.TC001_AccountRegistrationTest.RegistrationTest(TC001_AccountRegistrationTest.java:30)oggger - *** Providing Customer details ******
22:43:09.427 [main] INFO  testCases.TC001_AccountRegistrationTest.RegistrationTest(TC001_AccountRegistrationTest.java:44)oggger - *** Validating expected message ******
22:43:09.430 [main] INFO  testCases.TC001_AccountRegistrationTest.RegistrationTest(TC001_AccountRegistrationTest.java:68)oggger - *** Finished TC001_AccountRegistrationTest ******
22:43:12.901 [main] INFO  testCases.TC002_AccountLoginTest.TestLogin(TC002_AccountLoginTest.java:17)oggger - **** Starting TC002_AccountLoginTest**********
22:43:13.738 [main] INFO  testCases.TC002_AccountLoginTest.TestLogin(TC002_AccountLoginTest.java:22)oggger - **** Clicked on Login Button On Homepage**********
22:43:13.975 [main] INFO  testCases.TC002_AccountLoginTest.TestLogin(TC002_AccountLoginTest.java:30)oggger - **** Entered Email and Password from config.properties file*****
22:43:15.462 [main] INFO  testCases.TC002_AccountLoginTest.TestLogin(TC002_AccountLoginTest.java:33)oggger - **** Clicked login button*****
22:43:20.159 [main] INFO  testCases.TC003_LoginDDT.loginDataDTesting(TC003_LoginDDT.java:19)oggger - ***TC003_LoginDDT Started****
22:43:23.696 [main] INFO  testCases.TC003_LoginDDT.loginDataDTesting(TC003_LoginDDT.java:19)oggger - ***TC003_LoginDDT Started****
22:43:35.309 [main] INFO  testCases.TC003_LoginDDT.loginDataDTesting(TC003_LoginDDT.java:19)oggger - ***TC003_LoginDDT Started****
22:43:38.125 [main] INFO  testCases.TC003_LoginDDT.loginDataDTesting(TC003_LoginDDT.java:19)oggger - ***TC003_LoginDDT Started****
22:43:49.738 [main] INFO  testCases.TC003_LoginDDT.loginDataDTesting(TC003_LoginDDT.java:19)oggger - ***TC003_LoginDDT Started****
22:44:01.736 [main] INFO  testCases.TC003_LoginDDT.loginDataDTesting(TC003_LoginDDT.java:19)oggger - ***TC003_LoginDDT Started****
22:44:05.038 [main] INFO  testCases.TC003_LoginDDT.loginDataDTesting(TC003_LoginDDT.java:19)oggger - ***TC003_LoginDDT Started****
22:48:31.032 [main] INFO  testCases.TC001_AccountRegistrationTest.RegistrationTest(TC001_AccountRegistrationTest.java:15)oggger - *** Starting TC001_AccountRegistrationTest ******
22:48:31.280 [main] INFO  testCases.TC001_AccountRegistrationTest.RegistrationTest(TC001_AccountRegistrationTest.java:20)oggger - *** Clicked On MyAccount Link ******
22:48:32.205 [main] INFO  testCases.TC001_AccountRegistrationTest.RegistrationTest(TC001_AccountRegistrationTest.java:24)oggger - *** Clicked on Register Link ******
22:48:32.207 [main] INFO  testCases.TC001_AccountRegistrationTest.RegistrationTest(TC001_AccountRegistrationTest.java:30)oggger - *** Providing Customer details ******
22:48:34.855 [main] INFO  testCases.TC001_AccountRegistrationTest.RegistrationTest(TC001_AccountRegistrationTest.java:44)oggger - *** Validating expected message ******
22:48:34.858 [main] INFO  testCases.TC001_AccountRegistrationTest.RegistrationTest(TC001_AccountRegistrationTest.java:68)oggger - *** Finished TC001_AccountRegistrationTest ******
22:48:38.418 [main] INFO  testCases.TC002_AccountLoginTest.TestLogin(TC002_AccountLoginTest.java:17)oggger - **** Starting TC002_AccountLoginTest**********
22:48:39.232 [main] INFO  testCases.TC002_AccountLoginTest.TestLogin(TC002_AccountLoginTest.java:22)oggger - **** Clicked on Login Button On Homepage**********
22:48:39.512 [main] INFO  testCases.TC002_AccountLoginTest.TestLogin(TC002_AccountLoginTest.java:30)oggger - **** Entered Email and Password from config.properties file*****
22:48:40.791 [main] INFO  testCases.TC002_AccountLoginTest.TestLogin(TC002_AccountLoginTest.java:33)oggger - **** Clicked login button*****
22:48:45.854 [main] INFO  testCases.TC003_LoginDDT.loginDataDTesting(TC003_LoginDDT.java:19)oggger - ***TC003_LoginDDT Started****
22:48:48.967 [main] INFO  testCases.TC003_LoginDDT.loginDataDTesting(TC003_LoginDDT.java:19)oggger - ***TC003_LoginDDT Started****
22:49:00.571 [main] INFO  testCases.TC003_LoginDDT.loginDataDTesting(TC003_LoginDDT.java:19)oggger - ***TC003_LoginDDT Started****
22:49:04.327 [main] INFO  testCases.TC003_LoginDDT.loginDataDTesting(TC003_LoginDDT.java:19)oggger - ***TC003_LoginDDT Started****
22:49:16.146 [main] INFO  testCases.TC003_LoginDDT.loginDataDTesting(TC003_LoginDDT.java:19)oggger - ***TC003_LoginDDT Started****
22:49:28.341 [main] INFO  testCases.TC003_LoginDDT.loginDataDTesting(TC003_LoginDDT.java:19)oggger - ***TC003_LoginDDT Started****
22:49:31.537 [main] INFO  testCases.TC003_LoginDDT.loginDataDTesting(TC003_LoginDDT.java:19)oggger - ***TC003_LoginDDT Started****
22:49:54.842 [main] INFO  testCases.TC001_AccountRegistrationTest.RegistrationTest(TC001_AccountRegistrationTest.java:15)oggger - *** Starting TC001_AccountRegistrationTest ******
22:52:13.803 [main] INFO  testCases.TC001_AccountRegistrationTest.RegistrationTest(TC001_AccountRegistrationTest.java:15)oggger - *** Starting TC001_AccountRegistrationTest ******
22:52:13.992 [main] INFO  testCases.TC001_AccountRegistrationTest.RegistrationTest(TC001_AccountRegistrationTest.java:20)oggger - *** Clicked On MyAccount Link ******
22:52:14.831 [main] INFO  testCases.TC001_AccountRegistrationTest.RegistrationTest(TC001_AccountRegistrationTest.java:24)oggger - *** Clicked on Register Link ******
22:52:14.834 [main] INFO  testCases.TC001_AccountRegistrationTest.RegistrationTest(TC001_AccountRegistrationTest.java:30)oggger - *** Providing Customer details ******
22:52:17.241 [main] INFO  testCases.TC001_AccountRegistrationTest.RegistrationTest(TC001_AccountRegistrationTest.java:44)oggger - *** Validating expected message ******
22:52:17.245 [main] INFO  testCases.TC001_AccountRegistrationTest.RegistrationTest(TC001_AccountRegistrationTest.java:68)oggger - *** Finished TC001_AccountRegistrationTest ******
22:52:20.817 [main] INFO  testCases.TC002_AccountLoginTest.TestLogin(TC002_AccountLoginTest.java:17)oggger - **** Starting TC002_AccountLoginTest**********
22:52:21.493 [main] INFO  testCases.TC002_AccountLoginTest.TestLogin(TC002_AccountLoginTest.java:22)oggger - **** Clicked on Login Button On Homepage**********
22:52:21.708 [main] INFO  testCases.TC002_AccountLoginTest.TestLogin(TC002_AccountLoginTest.java:30)oggger - **** Entered Email and Password from config.properties file*****
22:52:23.140 [main] INFO  testCases.TC002_AccountLoginTest.TestLogin(TC002_AccountLoginTest.java:33)oggger - **** Clicked login button*****
22:52:27.722 [main] INFO  testCases.TC003_LoginDDT.loginDataDTesting(TC003_LoginDDT.java:19)oggger - ***TC003_LoginDDT Started****
22:52:30.736 [main] INFO  testCases.TC003_LoginDDT.loginDataDTesting(TC003_LoginDDT.java:19)oggger - ***TC003_LoginDDT Started****
22:52:42.545 [main] INFO  testCases.TC003_LoginDDT.loginDataDTesting(TC003_LoginDDT.java:19)oggger - ***TC003_LoginDDT Started****
22:52:45.211 [main] INFO  testCases.TC003_LoginDDT.loginDataDTesting(TC003_LoginDDT.java:19)oggger - ***TC003_LoginDDT Started****
22:52:57.057 [main] INFO  testCases.TC003_LoginDDT.loginDataDTesting(TC003_LoginDDT.java:19)oggger - ***TC003_LoginDDT Started****
22:53:09.246 [main] INFO  testCases.TC003_LoginDDT.loginDataDTesting(TC003_LoginDDT.java:19)oggger - ***TC003_LoginDDT Started****
22:53:12.396 [main] INFO  testCases.TC003_LoginDDT.loginDataDTesting(TC003_LoginDDT.java:19)oggger - ***TC003_LoginDDT Started****
22:53:47.041 [main] INFO  testCases.TC001_AccountRegistrationTest.RegistrationTest(TC001_AccountRegistrationTest.java:15)oggger - *** Starting TC001_AccountRegistrationTest ******
22:53:47.383 [main] INFO  testCases.TC001_AccountRegistrationTest.RegistrationTest(TC001_AccountRegistrationTest.java:20)oggger - *** Clicked On MyAccount Link ******
22:53:48.219 [main] INFO  testCases.TC001_AccountRegistrationTest.RegistrationTest(TC001_AccountRegistrationTest.java:24)oggger - *** Clicked on Register Link ******
22:53:48.220 [main] INFO  testCases.TC001_AccountRegistrationTest.RegistrationTest(TC001_AccountRegistrationTest.java:30)oggger - *** Providing Customer details ******
22:53:50.254 [main] INFO  testCases.TC001_AccountRegistrationTest.RegistrationTest(TC001_AccountRegistrationTest.java:44)oggger - *** Validating expected message ******
22:53:50.255 [main] INFO  testCases.TC001_AccountRegistrationTest.RegistrationTest(TC001_AccountRegistrationTest.java:68)oggger - *** Finished TC001_AccountRegistrationTest ******
22:53:59.383 [main] INFO  testCases.TC002_AccountLoginTest.TestLogin(TC002_AccountLoginTest.java:17)oggger - **** Starting TC002_AccountLoginTest**********
22:53:59.852 [main] INFO  testCases.TC002_AccountLoginTest.TestLogin(TC002_AccountLoginTest.java:22)oggger - **** Clicked on Login Button On Homepage**********
22:54:00.423 [main] INFO  testCases.TC002_AccountLoginTest.TestLogin(TC002_AccountLoginTest.java:30)oggger - **** Entered Email and Password from config.properties file*****
22:54:00.482 [main] INFO  testCases.TC002_AccountLoginTest.TestLogin(TC002_AccountLoginTest.java:33)oggger - **** Clicked login button*****
22:54:15.832 [main] INFO  testCases.TC003_LoginDDT.loginDataDTesting(TC003_LoginDDT.java:19)oggger - ***TC003_LoginDDT Started****
22:54:26.983 [main] INFO  testCases.TC003_LoginDDT.loginDataDTesting(TC003_LoginDDT.java:19)oggger - ***TC003_LoginDDT Started****
22:54:37.403 [main] INFO  testCases.TC003_LoginDDT.loginDataDTesting(TC003_LoginDDT.java:19)oggger - ***TC003_LoginDDT Started****
22:54:48.001 [main] INFO  testCases.TC003_LoginDDT.loginDataDTesting(TC003_LoginDDT.java:19)oggger - ***TC003_LoginDDT Started****
22:54:58.358 [main] INFO  testCases.TC003_LoginDDT.loginDataDTesting(TC003_LoginDDT.java:19)oggger - ***TC003_LoginDDT Started****
22:55:08.709 [main] INFO  testCases.TC003_LoginDDT.loginDataDTesting(TC003_LoginDDT.java:19)oggger - ***TC003_LoginDDT Started****
22:55:19.097 [main] INFO  testCases.TC003_LoginDDT.loginDataDTesting(TC003_LoginDDT.java:19)oggger - ***TC003_LoginDDT Started****
22:55:46.872 [main] INFO  testCases.TC001_AccountRegistrationTest.RegistrationTest(TC001_AccountRegistrationTest.java:15)oggger - *** Starting TC001_AccountRegistrationTest ******
22:55:47.286 [main] INFO  testCases.TC001_AccountRegistrationTest.RegistrationTest(TC001_AccountRegistrationTest.java:20)oggger - *** Clicked On MyAccount Link ******
22:55:48.212 [main] INFO  testCases.TC001_AccountRegistrationTest.RegistrationTest(TC001_AccountRegistrationTest.java:24)oggger - *** Clicked on Register Link ******
22:55:48.213 [main] INFO  testCases.TC001_AccountRegistrationTest.RegistrationTest(TC001_AccountRegistrationTest.java:30)oggger - *** Providing Customer details ******
22:55:50.613 [main] INFO  testCases.TC001_AccountRegistrationTest.RegistrationTest(TC001_AccountRegistrationTest.java:44)oggger - *** Validating expected message ******
22:55:50.614 [main] INFO  testCases.TC001_AccountRegistrationTest.RegistrationTest(TC001_AccountRegistrationTest.java:68)oggger - *** Finished TC001_AccountRegistrationTest ******
22:55:58.730 [main] INFO  testCases.TC002_AccountLoginTest.TestLogin(TC002_AccountLoginTest.java:17)oggger - **** Starting TC002_AccountLoginTest**********
22:55:59.559 [main] INFO  testCases.TC002_AccountLoginTest.TestLogin(TC002_AccountLoginTest.java:22)oggger - **** Clicked on Login Button On Homepage**********
22:55:59.767 [main] INFO  testCases.TC002_AccountLoginTest.TestLogin(TC002_AccountLoginTest.java:30)oggger - **** Entered Email and Password from config.properties file*****
22:56:01.163 [main] INFO  testCases.TC002_AccountLoginTest.TestLogin(TC002_AccountLoginTest.java:33)oggger - **** Clicked login button*****
22:56:06.062 [main] INFO  testCases.TC003_LoginDDT.loginDataDTesting(TC003_LoginDDT.java:19)oggger - ***TC003_LoginDDT Started****
22:56:09.102 [main] INFO  testCases.TC003_LoginDDT.loginDataDTesting(TC003_LoginDDT.java:19)oggger - ***TC003_LoginDDT Started****
22:56:20.701 [main] INFO  testCases.TC003_LoginDDT.loginDataDTesting(TC003_LoginDDT.java:19)oggger - ***TC003_LoginDDT Started****
22:56:23.642 [main] INFO  testCases.TC003_LoginDDT.loginDataDTesting(TC003_LoginDDT.java:19)oggger - ***TC003_LoginDDT Started****
22:56:35.453 [main] INFO  testCases.TC003_LoginDDT.loginDataDTesting(TC003_LoginDDT.java:19)oggger - ***TC003_LoginDDT Started****
22:56:47.645 [main] INFO  testCases.TC003_LoginDDT.loginDataDTesting(TC003_LoginDDT.java:19)oggger - ***TC003_LoginDDT Started****
22:56:50.738 [main] INFO  testCases.TC003_LoginDDT.loginDataDTesting(TC003_LoginDDT.java:19)oggger - ***TC003_LoginDDT Started****
10:34:12.495 [main] INFO  testCases.TC001_AccountRegistrationTest.RegistrationTest(TC001_AccountRegistrationTest.java:15)oggger - *** Starting TC001_AccountRegistrationTest ******
10:34:12.620 [main] INFO  testCases.TC001_AccountRegistrationTest.RegistrationTest(TC001_AccountRegistrationTest.java:20)oggger - *** Clicked On MyAccount Link ******
10:34:13.344 [main] INFO  testCases.TC001_AccountRegistrationTest.RegistrationTest(TC001_AccountRegistrationTest.java:24)oggger - *** Clicked on Register Link ******
10:34:13.358 [main] INFO  testCases.TC001_AccountRegistrationTest.RegistrationTest(TC001_AccountRegistrationTest.java:30)oggger - *** Providing Customer details ******
10:34:14.914 [main] INFO  testCases.TC001_AccountRegistrationTest.RegistrationTest(TC001_AccountRegistrationTest.java:44)oggger - *** Validating expected message ******
10:34:14.917 [main] INFO  testCases.TC001_AccountRegistrationTest.RegistrationTest(TC001_AccountRegistrationTest.java:68)oggger - *** Finished TC001_AccountRegistrationTest ******
10:34:18.322 [main] INFO  testCases.TC002_AccountLoginTest.TestLogin(TC002_AccountLoginTest.java:17)oggger - **** Starting TC002_AccountLoginTest**********
10:34:18.892 [main] INFO  testCases.TC002_AccountLoginTest.TestLogin(TC002_AccountLoginTest.java:22)oggger - **** Clicked on Login Button On Homepage**********
10:34:19.043 [main] INFO  testCases.TC002_AccountLoginTest.TestLogin(TC002_AccountLoginTest.java:30)oggger - **** Entered Email and Password from config.properties file*****
10:34:20.384 [main] INFO  testCases.TC002_AccountLoginTest.TestLogin(TC002_AccountLoginTest.java:33)oggger - **** Clicked login button*****
10:34:25.058 [main] INFO  testCases.TC003_LoginDDT.loginDataDTesting(TC003_LoginDDT.java:19)oggger - ***TC003_LoginDDT Started****
10:34:28.069 [main] INFO  testCases.TC003_LoginDDT.loginDataDTesting(TC003_LoginDDT.java:19)oggger - ***TC003_LoginDDT Started****
10:34:39.387 [main] INFO  testCases.TC003_LoginDDT.loginDataDTesting(TC003_LoginDDT.java:19)oggger - ***TC003_LoginDDT Started****
10:34:42.168 [main] INFO  testCases.TC003_LoginDDT.loginDataDTesting(TC003_LoginDDT.java:19)oggger - ***TC003_LoginDDT Started****
10:34:53.637 [main] INFO  testCases.TC003_LoginDDT.loginDataDTesting(TC003_LoginDDT.java:19)oggger - ***TC003_LoginDDT Started****
10:35:05.425 [main] INFO  testCases.TC003_LoginDDT.loginDataDTesting(TC003_LoginDDT.java:19)oggger - ***TC003_LoginDDT Started****
10:35:08.235 [main] INFO  testCases.TC003_LoginDDT.loginDataDTesting(TC003_LoginDDT.java:19)oggger - ***TC003_LoginDDT Started****
10:54:31.639 [main] INFO  testCases.TC001_AccountRegistrationTest.RegistrationTest(TC001_AccountRegistrationTest.java:15)oggger - *** Starting TC001_AccountRegistrationTest ******
10:54:31.781 [main] INFO  testCases.TC001_AccountRegistrationTest.RegistrationTest(TC001_AccountRegistrationTest.java:20)oggger - *** Clicked On MyAccount Link ******
10:54:32.503 [main] INFO  testCases.TC001_AccountRegistrationTest.RegistrationTest(TC001_AccountRegistrationTest.java:24)oggger - *** Clicked on Register Link ******
10:54:32.506 [main] INFO  testCases.TC001_AccountRegistrationTest.RegistrationTest(TC001_AccountRegistrationTest.java:30)oggger - *** Providing Customer details ******
10:54:34.158 [main] INFO  testCases.TC001_AccountRegistrationTest.RegistrationTest(TC001_AccountRegistrationTest.java:44)oggger - *** Validating expected message ******
10:54:34.160 [main] INFO  testCases.TC001_AccountRegistrationTest.RegistrationTest(TC001_AccountRegistrationTest.java:68)oggger - *** Finished TC001_AccountRegistrationTest ******
10:54:37.627 [main] INFO  testCases.TC002_AccountLoginTest.TestLogin(TC002_AccountLoginTest.java:17)oggger - **** Starting TC002_AccountLoginTest**********
10:54:38.233 [main] INFO  testCases.TC002_AccountLoginTest.TestLogin(TC002_AccountLoginTest.java:22)oggger - **** Clicked on Login Button On Homepage**********
10:54:38.356 [main] INFO  testCases.TC002_AccountLoginTest.TestLogin(TC002_AccountLoginTest.java:30)oggger - **** Entered Email and Password from config.properties file*****
10:54:39.331 [main] INFO  testCases.TC002_AccountLoginTest.TestLogin(TC002_AccountLoginTest.java:33)oggger - **** Clicked login button*****
10:54:43.621 [main] INFO  testCases.TC003_LoginDDT.loginDataDTesting(TC003_LoginDDT.java:19)oggger - ***TC003_LoginDDT Started****
10:54:46.076 [main] INFO  testCases.TC003_LoginDDT.loginDataDTesting(TC003_LoginDDT.java:19)oggger - ***TC003_LoginDDT Started****
10:54:57.331 [main] INFO  testCases.TC003_LoginDDT.loginDataDTesting(TC003_LoginDDT.java:19)oggger - ***TC003_LoginDDT Started****
10:55:00.109 [main] INFO  testCases.TC003_LoginDDT.loginDataDTesting(TC003_LoginDDT.java:19)oggger - ***TC003_LoginDDT Started****
10:55:11.530 [main] INFO  testCases.TC003_LoginDDT.loginDataDTesting(TC003_LoginDDT.java:19)oggger - ***TC003_LoginDDT Started****
10:55:23.407 [main] INFO  testCases.TC003_LoginDDT.loginDataDTesting(TC003_LoginDDT.java:19)oggger - ***TC003_LoginDDT Started****
10:55:26.182 [main] INFO  testCases.TC003_LoginDDT.loginDataDTesting(TC003_LoginDDT.java:19)oggger - ***TC003_LoginDDT Started****
11:08:16.199 [main] INFO  testCases.TC001_AccountRegistrationTest.RegistrationTest(TC001_AccountRegistrationTest.java:15)oggger - *** Starting TC001_AccountRegistrationTest ******
11:08:16.299 [main] INFO  testCases.TC001_AccountRegistrationTest.RegistrationTest(TC001_AccountRegistrationTest.java:20)oggger - *** Clicked On MyAccount Link ******
11:08:17.012 [main] INFO  testCases.TC001_AccountRegistrationTest.RegistrationTest(TC001_AccountRegistrationTest.java:24)oggger - *** Clicked on Register Link ******
11:08:17.014 [main] INFO  testCases.TC001_AccountRegistrationTest.RegistrationTest(TC001_AccountRegistrationTest.java:30)oggger - *** Providing Customer details ******
11:08:18.624 [main] INFO  testCases.TC001_AccountRegistrationTest.RegistrationTest(TC001_AccountRegistrationTest.java:44)oggger - *** Validating expected message ******
11:08:18.627 [main] INFO  testCases.TC001_AccountRegistrationTest.RegistrationTest(TC001_AccountRegistrationTest.java:68)oggger - *** Finished TC001_AccountRegistrationTest ******
11:08:22.124 [main] INFO  testCases.TC002_AccountLoginTest.TestLogin(TC002_AccountLoginTest.java:17)oggger - **** Starting TC002_AccountLoginTest**********
11:08:22.722 [main] INFO  testCases.TC002_AccountLoginTest.TestLogin(TC002_AccountLoginTest.java:22)oggger - **** Clicked on Login Button On Homepage**********
11:08:22.852 [main] INFO  testCases.TC002_AccountLoginTest.TestLogin(TC002_AccountLoginTest.java:30)oggger - **** Entered Email and Password from config.properties file*****
11:08:24.074 [main] INFO  testCases.TC002_AccountLoginTest.TestLogin(TC002_AccountLoginTest.java:33)oggger - **** Clicked login button*****
11:10:04.463 [main] INFO  testCases.TC001_AccountRegistrationTest.RegistrationTest(TC001_AccountRegistrationTest.java:15)oggger - *** Starting TC001_AccountRegistrationTest ******
11:10:04.584 [main] INFO  testCases.TC001_AccountRegistrationTest.RegistrationTest(TC001_AccountRegistrationTest.java:20)oggger - *** Clicked On MyAccount Link ******
11:10:05.505 [main] INFO  testCases.TC001_AccountRegistrationTest.RegistrationTest(TC001_AccountRegistrationTest.java:24)oggger - *** Clicked on Register Link ******
11:10:05.508 [main] INFO  testCases.TC001_AccountRegistrationTest.RegistrationTest(TC001_AccountRegistrationTest.java:30)oggger - *** Providing Customer details ******
11:10:07.820 [main] INFO  testCases.TC001_AccountRegistrationTest.RegistrationTest(TC001_AccountRegistrationTest.java:44)oggger - *** Validating expected message ******
11:10:07.824 [main] INFO  testCases.TC001_AccountRegistrationTest.RegistrationTest(TC001_AccountRegistrationTest.java:68)oggger - *** Finished TC001_AccountRegistrationTest ******
11:10:10.957 [main] INFO  testCases.TC002_AccountLoginTest.TestLogin(TC002_AccountLoginTest.java:17)oggger - **** Starting TC002_AccountLoginTest**********
11:10:11.531 [main] INFO  testCases.TC002_AccountLoginTest.TestLogin(TC002_AccountLoginTest.java:22)oggger - **** Clicked on Login Button On Homepage**********
11:10:11.684 [main] INFO  testCases.TC002_AccountLoginTest.TestLogin(TC002_AccountLoginTest.java:30)oggger - **** Entered Email and Password from config.properties file*****
11:10:12.882 [main] INFO  testCases.TC002_AccountLoginTest.TestLogin(TC002_AccountLoginTest.java:33)oggger - **** Clicked login button*****
